{"level":"info","message":"ML System running on port 3004","timestamp":"2025-06-27T20:20:04.848Z"}
{"ip":"::1","level":"info","message":"GET /ml/health","timestamp":"2025-06-27T20:20:23.052Z","userAgent":"curl/8.5.0"}
{"ip":"::ffff:127.0.0.1","level":"info","message":"GET /ml/validation-report","timestamp":"2025-06-27T20:22:30.261Z","userAgent":"undici"}
{"ip":"::1","level":"info","message":"GET /health","timestamp":"2025-06-27T20:27:04.998Z","userAgent":"curl/8.5.0"}
{"ip":"::1","level":"info","message":"GET /ml/health","timestamp":"2025-06-27T20:27:13.856Z","userAgent":"curl/8.5.0"}
{"ip":"::ffff:127.0.0.1","level":"info","message":"GET /health","timestamp":"2025-06-27T20:30:05.274Z","userAgent":"curl/8.5.0"}
{"ip":"::1","level":"info","message":"GET /ml/health","timestamp":"2025-06-27T20:39:11.981Z","userAgent":"curl/8.5.0"}
{"ip":"::1","level":"info","message":"GET /ml/health","timestamp":"2025-06-27T21:04:39.430Z","userAgent":"curl/8.5.0"}
{"ip":"::1","level":"info","message":"GET /api/health","timestamp":"2025-06-28T15:19:09.675Z","userAgent":"curl/8.5.0"}
{"ip":"::1","level":"info","message":"GET /api/health","timestamp":"2025-06-28T15:19:13.773Z","userAgent":"curl/8.5.0"}
{"ip":"::1","level":"info","message":"GET /ml/health","timestamp":"2025-06-28T15:21:09.898Z","userAgent":"curl/8.5.0"}
{"ip":"::1","level":"info","message":"GET /ml/metrics","timestamp":"2025-06-28T15:21:18.428Z","userAgent":"curl/8.5.0"}
{"ip":"::1","level":"info","message":"GET /ml/health","timestamp":"2025-06-28T15:21:50.721Z","userAgent":"curl/8.5.0"}
{"ip":"::1","level":"info","message":"GET /ml/metrics","timestamp":"2025-06-28T15:21:50.727Z","userAgent":"curl/8.5.0"}
{"ip":"::1","level":"info","message":"GET /ml/accuracy","timestamp":"2025-06-28T15:21:50.745Z","userAgent":"curl/8.5.0"}
{"level":"info","message":"ML System running on port 3004","timestamp":"2025-06-28T15:22:44.295Z"}
{"ip":"::1","level":"info","message":"POST /ml/predict-dd-risk","timestamp":"2025-06-28T15:23:03.476Z","userAgent":"curl/8.5.0"}
{"ip":"::1","level":"info","message":"GET /ml/health","timestamp":"2025-06-28T15:23:38.943Z","userAgent":"curl/8.5.0"}
{"ip":"::1","level":"info","message":"GET /ml/metrics","timestamp":"2025-06-28T15:23:38.949Z","userAgent":"curl/8.5.0"}
{"ip":"::1","level":"info","message":"POST /ml/predict-dd-risk","timestamp":"2025-06-28T15:23:38.957Z","userAgent":"curl/8.5.0"}
{"ip":"::1","level":"info","message":"GET /ml/accuracy","timestamp":"2025-06-28T15:23:38.971Z","userAgent":"curl/8.5.0"}
{"ip":"::1","level":"info","message":"GET /ml/health","timestamp":"2025-06-28T15:45:32.859Z","userAgent":"curl/8.5.0"}
{"ip":"::1","level":"info","message":"GET /ml/metrics","timestamp":"2025-06-28T15:45:32.864Z","userAgent":"curl/8.5.0"}
{"ip":"::1","level":"info","message":"POST /ml/predict-dd-risk","timestamp":"2025-06-28T15:45:32.871Z","userAgent":"curl/8.5.0"}
{"ip":"::1","level":"info","message":"GET /ml/accuracy","timestamp":"2025-06-28T15:45:32.965Z","userAgent":"curl/8.5.0"}
{"ip":"::1","level":"info","message":"GET /ml/accuracy","timestamp":"2025-06-28T15:45:37.642Z","userAgent":"curl/8.5.0"}
{"ip":"::1","level":"info","message":"GET /ml/health","timestamp":"2025-06-28T15:46:20.633Z","userAgent":"curl/8.5.0"}
{"ip":"::1","level":"info","message":"GET /ml/metrics","timestamp":"2025-06-28T15:46:20.638Z","userAgent":"curl/8.5.0"}
{"ip":"::1","level":"info","message":"POST /ml/predict-dd-risk","timestamp":"2025-06-28T15:46:20.645Z","userAgent":"curl/8.5.0"}
{"ip":"::1","level":"info","message":"GET /ml/accuracy","timestamp":"2025-06-28T15:46:20.743Z","userAgent":"curl/8.5.0"}
{"ip":"::1","level":"info","message":"GET /api/health","timestamp":"2025-06-28T15:47:38.850Z","userAgent":"curl/8.5.0"}
{"ip":"::1","level":"info","message":"GET /ml/health","timestamp":"2025-06-28T15:53:32.194Z","userAgent":"curl/8.5.0"}
{"ip":"::1","level":"info","message":"GET /ml/metrics","timestamp":"2025-06-28T15:53:32.200Z","userAgent":"curl/8.5.0"}
{"ip":"::1","level":"info","message":"POST /ml/predict-dd-risk","timestamp":"2025-06-28T15:53:32.207Z","userAgent":"curl/8.5.0"}
{"ip":"::1","level":"info","message":"GET /ml/accuracy","timestamp":"2025-06-28T15:53:32.307Z","userAgent":"curl/8.5.0"}
{"ip":"::1","level":"info","message":"GET /ml/health","timestamp":"2025-06-28T17:29:37.912Z","userAgent":"curl/8.5.0"}
{"ip":"::1","level":"info","message":"GET /ml/metrics","timestamp":"2025-06-28T17:29:37.924Z","userAgent":"curl/8.5.0"}
{"ip":"::1","level":"info","message":"GET /ml/metrics","timestamp":"2025-06-28T17:29:38.058Z","userAgent":"curl/8.5.0"}
{"ip":"::1","level":"info","message":"POST /ml/predict-dd-risk","timestamp":"2025-06-28T17:29:38.067Z","userAgent":"curl/8.5.0"}
